Using pre-set license
Built from '2020.3/china_unity/release' branch; Version is '2020.3.0f1c1 (1e553bf703d9) revision 1987899'; Using compiler version '192528614'; Build Type 'Release'
OS: 'Windows 10 Home China; OS build 19042.928; Version 2009; 64bit' Language: 'zh' Physical Memory: 16253 MB
BatchMode: 1, IsHumanControllingUs: 0, StartBugReporterOnCrash: 0, Is64bit: 1, IsPro: 0

 COMMAND LINE ARGUMENTS:
C:\Program Files\Unity\Hub\Editor\2020.3.0f1c1\Editor\Unity.exe
-adb2
-batchMode
-noUpm
-name
AssetImportWorker0
-projectPath
D:/Files/GitHub/Unity/DouZiMan
-logFile
Logs/AssetImportWorker0.log
-srvPort
52020
Successfully changed project path to: D:/Files/GitHub/Unity/DouZiMan
D:/Files/GitHub/Unity/DouZiMan
Using Asset Import Pipeline V2.
Refreshing native plugins compatible for Editor in 21.45 ms, found 0 plugins.
Preloading 0 native plugins for Editor in 0.00 ms.
Initialize engine version: 2020.3.0f1c1 (1e553bf703d9)
[Subsystems] Discovering subsystems at path C:/Program Files/Unity/Hub/Editor/2020.3.0f1c1/Editor/Data/Resources/UnitySubsystems
[Subsystems] Discovering subsystems at path D:/Files/GitHub/Unity/DouZiMan/Assets
GfxDevice: creating device client; threaded=0
Direct3D:
    Version:  Direct3D 11.0 [level 11.1]
    Renderer: NVIDIA GeForce RTX 2060 (ID=0x1f15)
    Vendor:   
    VRAM:     5980 MB
    Driver:   27.21.14.6611
Initialize mono
Mono path[0] = 'C:/Program Files/Unity/Hub/Editor/2020.3.0f1c1/Editor/Data/Managed'
Mono path[1] = 'C:/Program Files/Unity/Hub/Editor/2020.3.0f1c1/Editor/Data/MonoBleedingEdge/lib/mono/unityjit'
Mono config path = 'C:/Program Files/Unity/Hub/Editor/2020.3.0f1c1/Editor/Data/MonoBleedingEdge/etc'
Using monoOptions --debugger-agent=transport=dt_socket,embedding=1,server=y,suspend=n,address=127.0.0.1:56944
Begin MonoManager ReloadAssembly
Registering precompiled unity dll's ...
Register platform support module: C:/Program Files/Unity/Hub/Editor/2020.3.0f1c1/Editor/Data/PlaybackEngines/WindowsStandaloneSupport/UnityEditor.WindowsStandalone.Extensions.dll
Registered in 0.005585 seconds.
Native extension for WindowsStandalone target not found
Refreshing native plugins compatible for Editor in 23.17 ms, found 0 plugins.
Preloading 0 native plugins for Editor in 0.00 ms.
Invoked RoslynAnalysisRunner static constructor.
RoslynAnalysisRunner will not be running.
RoslynAnalysisRunner has terminated.
Mono: successfully reloaded assembly
- Completed reload, in  1.149 seconds
Platform modules already initialized, skipping
Registering precompiled user dll's ...
Registered in 0.000740 seconds.
Begin MonoManager ReloadAssembly
Native extension for WindowsStandalone target not found
Refreshing native plugins compatible for Editor in 0.21 ms, found 0 plugins.
Preloading 0 native plugins for Editor in 0.00 ms.
Invoked RoslynAnalysisRunner static constructor.
RoslynAnalysisRunner will not be running.
RoslynAnalysisRunner has terminated.
Mono: successfully reloaded assembly
- Completed reload, in  0.862 seconds
Platform modules already initialized, skipping
========================================================================
Worker process is ready to serve import requests
Launched and connected shader compiler UnityShaderCompiler.exe after 0.08 seconds
Refreshing native plugins compatible for Editor in 0.23 ms, found 0 plugins.
Preloading 0 native plugins for Editor in 0.00 ms.
Unloading 1223 Unused Serialized files (Serialized files now loaded: 0)
System memory in use before: 63.1 MB.
System memory in use after: 63.1 MB.

Unloading 13 unused Assets to reduce memory usage. Loaded Objects now: 1669.
Total: 1.733700 ms (FindLiveObjects: 0.143300 ms CreateObjectMapping: 0.027100 ms MarkObjects: 1.502600 ms  DeleteObjects: 0.059000 ms)

========================================================================
Received Import Request.
  path: Assets/script/NewBehaviourScript.cs
  artifactKey: Guid(a501fb9ecdf1c034f85aeae676a567ab) Importer(815301076,1909f56bfc062723c751e8b465ee728b)
Start importing Assets/script/NewBehaviourScript.cs using Guid(a501fb9ecdf1c034f85aeae676a567ab) Importer(815301076,1909f56bfc062723c751e8b465ee728b)  -> (artifact id: '623d4f53bce6a99148fbc28eff5209e0') in 0.053593 seconds
  Import took 0.055561 seconds .

========================================================================
Received Import Request.
  Time since last request: 21.396955 seconds.
  path: Assets/script/CreamControl.cs
  artifactKey: Guid(a501fb9ecdf1c034f85aeae676a567ab) Importer(815301076,1909f56bfc062723c751e8b465ee728b)
Start importing Assets/script/CreamControl.cs using Guid(a501fb9ecdf1c034f85aeae676a567ab) Importer(815301076,1909f56bfc062723c751e8b465ee728b)  -> (artifact id: 'aeb16b33d7eb7f52a4af7d4fb9acb17d') in 0.005405 seconds
  Import took 0.008128 seconds .

========================================================================
Received Prepare
Registering precompiled user dll's ...
Registered in 0.000733 seconds.
Begin MonoManager ReloadAssembly
Native extension for WindowsStandalone target not found
Refreshing native plugins compatible for Editor in 0.21 ms, found 0 plugins.
Preloading 0 native plugins for Editor in 0.00 ms.
Invoked RoslynAnalysisRunner static constructor.
RoslynAnalysisRunner will not be running.
RoslynAnalysisRunner has terminated.
Mono: successfully reloaded assembly
- Completed reload, in  0.842 seconds
Platform modules already initialized, skipping
Refreshing native plugins compatible for Editor in 0.20 ms, found 0 plugins.
Preloading 0 native plugins for Editor in 0.00 ms.
Unloading 1218 Unused Serialized files (Serialized files now loaded: 0)
System memory in use before: 63.0 MB.
System memory in use after: 63.1 MB.

Unloading 4 unused Assets to reduce memory usage. Loaded Objects now: 1672.
Total: 1.995900 ms (FindLiveObjects: 0.156200 ms CreateObjectMapping: 0.027100 ms MarkObjects: 1.795800 ms  DeleteObjects: 0.015600 ms)

========================================================================
Received Prepare
Registering precompiled user dll's ...
Registered in 0.000776 seconds.
Begin MonoManager ReloadAssembly
Native extension for WindowsStandalone target not found
Refreshing native plugins compatible for Editor in 0.58 ms, found 0 plugins.
Preloading 0 native plugins for Editor in 0.00 ms.
Invoked RoslynAnalysisRunner static constructor.
RoslynAnalysisRunner will not be running.
RoslynAnalysisRunner has terminated.
Mono: successfully reloaded assembly
- Completed reload, in  0.847 seconds
Platform modules already initialized, skipping
Refreshing native plugins compatible for Editor in 0.23 ms, found 0 plugins.
Preloading 0 native plugins for Editor in 0.00 ms.
Unloading 1217 Unused Serialized files (Serialized files now loaded: 0)
System memory in use before: 63.0 MB.
System memory in use after: 63.1 MB.

Unloading 4 unused Assets to reduce memory usage. Loaded Objects now: 1675.
Total: 2.063500 ms (FindLiveObjects: 0.238400 ms CreateObjectMapping: 0.054500 ms MarkObjects: 1.750100 ms  DeleteObjects: 0.018200 ms)

========================================================================
Received Import Request.
  Time since last request: 539.394962 seconds.
  path: Assets/script/PlayerControl.cs
  artifactKey: Guid(6d7bb211733d3dd4fb72096d8588014c) Importer(815301076,1909f56bfc062723c751e8b465ee728b)
Start importing Assets/script/PlayerControl.cs using Guid(6d7bb211733d3dd4fb72096d8588014c) Importer(815301076,1909f56bfc062723c751e8b465ee728b)  -> (artifact id: 'f98faa8e6abfd1b697271f46d9a2bd60') in 0.006757 seconds
  Import took 0.008908 seconds .

========================================================================
Received Prepare
Registering precompiled user dll's ...
Registered in 0.000795 seconds.
Begin MonoManager ReloadAssembly
Native extension for WindowsStandalone target not found
Refreshing native plugins compatible for Editor in 0.21 ms, found 0 plugins.
Preloading 0 native plugins for Editor in 0.00 ms.
Invoked RoslynAnalysisRunner static constructor.
RoslynAnalysisRunner will not be running.
RoslynAnalysisRunner has terminated.
Mono: successfully reloaded assembly
- Completed reload, in  0.832 seconds
Platform modules already initialized, skipping
Refreshing native plugins compatible for Editor in 0.20 ms, found 0 plugins.
Preloading 0 native plugins for Editor in 0.00 ms.
Unloading 1217 Unused Serialized files (Serialized files now loaded: 0)
System memory in use before: 63.1 MB.
System memory in use after: 63.2 MB.

Unloading 4 unused Assets to reduce memory usage. Loaded Objects now: 1678.
Total: 1.749000 ms (FindLiveObjects: 0.174000 ms CreateObjectMapping: 0.030800 ms MarkObjects: 1.525300 ms  DeleteObjects: 0.017600 ms)

========================================================================
Received Import Request.
  Time since last request: 14.984170 seconds.
  path: Assets/script/PlayerControl.cs
  artifactKey: Guid(6d7bb211733d3dd4fb72096d8588014c) Importer(815301076,1909f56bfc062723c751e8b465ee728b)
Start importing Assets/script/PlayerControl.cs using Guid(6d7bb211733d3dd4fb72096d8588014c) Importer(815301076,1909f56bfc062723c751e8b465ee728b)  -> (artifact id: 'ee3e1335e632b130eb89fb3630121f87') in 0.005190 seconds
  Import took 0.007921 seconds .

========================================================================
Received Import Request.
  Time since last request: 30.955365 seconds.
  path: Assets/script/CreamFollow.cs
  artifactKey: Guid(1577c47d0774a5e4980c1f62672b9629) Importer(815301076,1909f56bfc062723c751e8b465ee728b)
Start importing Assets/script/CreamFollow.cs using Guid(1577c47d0774a5e4980c1f62672b9629) Importer(815301076,1909f56bfc062723c751e8b465ee728b)  -> (artifact id: 'a34b62bdb29f0a27c8cf2e2973a9e71a') in 0.005697 seconds
  Import took 0.007844 seconds .

========================================================================
Received Prepare
Registering precompiled user dll's ...
Registered in 0.000758 seconds.
Begin MonoManager ReloadAssembly
Native extension for WindowsStandalone target not found
Refreshing native plugins compatible for Editor in 0.21 ms, found 0 plugins.
Preloading 0 native plugins for Editor in 0.00 ms.
Invoked RoslynAnalysisRunner static constructor.
RoslynAnalysisRunner will not be running.
RoslynAnalysisRunner has terminated.
Mono: successfully reloaded assembly
- Completed reload, in  0.835 seconds
Platform modules already initialized, skipping
Refreshing native plugins compatible for Editor in 0.23 ms, found 0 plugins.
Preloading 0 native plugins for Editor in 0.00 ms.
Unloading 1218 Unused Serialized files (Serialized files now loaded: 0)
System memory in use before: 63.1 MB.
System memory in use after: 63.2 MB.

Unloading 4 unused Assets to reduce memory usage. Loaded Objects now: 1682.
Total: 1.632800 ms (FindLiveObjects: 0.151200 ms CreateObjectMapping: 0.026300 ms MarkObjects: 1.438700 ms  DeleteObjects: 0.015600 ms)

AssetImportWorkerClient::OnTransportError - code=2 error=End of file
